Determining if the pthread_create exist failed with the following output:
Change Dir: /home/rrl/roslyn/build/CMakeFiles/CMakeTmp

Run Build Command:/usr/bin/make "cmTryCompileExec2999705194/fast"
/usr/bin/make -f CMakeFiles/cmTryCompileExec2999705194.dir/build.make CMakeFiles/cmTryCompileExec2999705194.dir/build
make[1]: Entering directory `/home/rrl/roslyn/build/CMakeFiles/CMakeTmp'
/usr/bin/cmake -E cmake_progress_report /home/rrl/roslyn/build/CMakeFiles/CMakeTmp/CMakeFiles 1
Building C object CMakeFiles/cmTryCompileExec2999705194.dir/CheckSymbolExists.c.o
/usr/bin/cc    -o CMakeFiles/cmTryCompileExec2999705194.dir/CheckSymbolExists.c.o   -c /home/rrl/roslyn/build/CMakeFiles/CMakeTmp/CheckSymbolExists.c
Linking C executable cmTryCompileExec2999705194
/usr/bin/cmake -E cmake_link_script CMakeFiles/cmTryCompileExec2999705194.dir/link.txt --verbose=1
/usr/bin/cc         CMakeFiles/cmTryCompileExec2999705194.dir/CheckSymbolExists.c.o  -o cmTryCompileExec2999705194 -rdynamic 
CMakeFiles/cmTryCompileExec2999705194.dir/CheckSymbolExists.c.o: In function `main':
CheckSymbolExists.c:(.text+0x16): undefined reference to `pthread_create'
collect2: error: ld returned 1 exit status
make[1]: *** [cmTryCompileExec2999705194] Error 1
make[1]: Leaving directory `/home/rrl/roslyn/build/CMakeFiles/CMakeTmp'
make: *** [cmTryCompileExec2999705194/fast] Error 2

File /home/rrl/roslyn/build/CMakeFiles/CMakeTmp/CheckSymbolExists.c:
/* */
#include <pthread.h>

int main(int argc, char** argv)
{
  (void)argv;
#ifndef pthread_create
  return ((int*)(&pthread_create))[argc];
#else
  (void)argc;
  return 0;
#endif
}

Determining if the function pthread_create exists in the pthreads failed with the following output:
Change Dir: /home/rrl/roslyn/build/CMakeFiles/CMakeTmp

Run Build Command:/usr/bin/make "cmTryCompileExec2566753448/fast"
/usr/bin/make -f CMakeFiles/cmTryCompileExec2566753448.dir/build.make CMakeFiles/cmTryCompileExec2566753448.dir/build
make[1]: Entering directory `/home/rrl/roslyn/build/CMakeFiles/CMakeTmp'
/usr/bin/cmake -E cmake_progress_report /home/rrl/roslyn/build/CMakeFiles/CMakeTmp/CMakeFiles 1
Building C object CMakeFiles/cmTryCompileExec2566753448.dir/CheckFunctionExists.c.o
/usr/bin/cc   -DCHECK_FUNCTION_EXISTS=pthread_create   -o CMakeFiles/cmTryCompileExec2566753448.dir/CheckFunctionExists.c.o   -c /usr/share/cmake-2.8/Modules/CheckFunctionExists.c
Linking C executable cmTryCompileExec2566753448
/usr/bin/cmake -E cmake_link_script CMakeFiles/cmTryCompileExec2566753448.dir/link.txt --verbose=1
/usr/bin/cc     -DCHECK_FUNCTION_EXISTS=pthread_create    CMakeFiles/cmTryCompileExec2566753448.dir/CheckFunctionExists.c.o  -o cmTryCompileExec2566753448 -rdynamic -lpthreads 
/usr/bin/ld: cannot find -lpthreads
collect2: error: ld returned 1 exit status
make[1]: *** [cmTryCompileExec2566753448] Error 1
make[1]: Leaving directory `/home/rrl/roslyn/build/CMakeFiles/CMakeTmp'
make: *** [cmTryCompileExec2566753448/fast] Error 2


